Copyright 1986-2022 Xilinx, Inc. All Rights Reserved. Copyright 2022-2024 Advanced Micro Devices, Inc. All Rights Reserved.
---------------------------------------------------------------------------------------------------------------------------------------------
| Tool Version : Vivado v.2024.1 (win64) Build 5076996 Wed May 22 18:37:14 MDT 2024
| Date         : Sun Dec  8 19:10:33 2024
| Host         : Jeans running 64-bit major release  (build 9200)
| Command      : report_control_sets -verbose -file top_control_sets_placed.rpt
| Design       : top
| Device       : xc7a35t
---------------------------------------------------------------------------------------------------------------------------------------------

Control Set Information

Table of Contents
-----------------
1. Summary
2. Histogram
3. Flip-Flop Distribution
4. Detailed Control Set Information

1. Summary
----------

+----------------------------------------------------------+-------+
|                          Status                          | Count |
+----------------------------------------------------------+-------+
| Total control sets                                       |   299 |
|    Minimum number of control sets                        |   299 |
|    Addition due to synthesis replication                 |     0 |
|    Addition due to physical synthesis replication        |     0 |
| Unused register locations in slices containing registers |   436 |
+----------------------------------------------------------+-------+
* Control sets can be merged at opt_design using control_set_merge or merge_equivalent_drivers
** Run report_qor_suggestions for automated merging and remapping suggestions


2. Histogram
------------

+--------------------+-------+
|       Fanout       | Count |
+--------------------+-------+
| Total control sets |   299 |
| >= 0 to < 4        |    23 |
| >= 4 to < 6        |     2 |
| >= 6 to < 8        |   258 |
| >= 8 to < 10       |     9 |
| >= 10 to < 12      |     2 |
| >= 12 to < 14      |     1 |
| >= 14 to < 16      |     0 |
| >= 16              |     4 |
+--------------------+-------+
* Control sets can be remapped at either synth_design or opt_design


3. Flip-Flop Distribution
-------------------------

+--------------+-----------------------+------------------------+-----------------+--------------+
| Clock Enable | Synchronous Set/Reset | Asynchronous Set/Reset | Total Registers | Total Slices |
+--------------+-----------------------+------------------------+-----------------+--------------+
| No           | No                    | No                     |              31 |           13 |
| No           | No                    | Yes                    |              66 |           26 |
| No           | Yes                   | No                     |              97 |           28 |
| Yes          | No                    | No                     |              58 |           29 |
| Yes          | No                    | Yes                    |            1802 |          667 |
| Yes          | Yes                   | No                     |              22 |           10 |
+--------------+-----------------------+------------------------+-----------------+--------------+


4. Detailed Control Set Information
-----------------------------------

+------------------------------+------------------------------------------+------------------------------------------+------------------+----------------+--------------+
|         Clock Signal         |               Enable Signal              |             Set/Reset Signal             | Slice Load Count | Bel Load Count | Bels / Slice |
+------------------------------+------------------------------------------+------------------------------------------+------------------+----------------+--------------+
|  clk_IBUF_BUFG               | ps2_receiver/db_data/Iv_i_1__0_n_0       |                                          |                1 |              1 |         1.00 |
|  data_out_reg[7]_i_2_n_0     | uart2/receiver/data_out_0[0]             |                                          |                1 |              1 |         1.00 |
|  data_out_reg[7]_i_2_n_0     | uart2/receiver/data_out_0[3]             |                                          |                1 |              1 |         1.00 |
|  data_out_reg[7]_i_2_n_0     | uart2/receiver/data_out_0[4]             |                                          |                1 |              1 |         1.00 |
|  data_out_reg[7]_i_2_n_0     | uart2/receiver/data_out_0[6]             |                                          |                1 |              1 |         1.00 |
|  data_out_reg[7]_i_2_n_0     | uart2/transmitter/bit_out_i_2__0_n_0     | uart2/transmitter/bit_out0               |                1 |              1 |         1.00 |
|  baud_BUFG                   | uart1/receiver/data_out[7]               |                                          |                1 |              1 |         1.00 |
|  clk_IBUF_BUFG               | ps2_receiver/db_clk/clear                |                                          |                1 |              1 |         1.00 |
|  baud_BUFG                   | uart1/transmitter/bit_out_i_2_n_0        | uart1/transmitter/bit_out0               |                1 |              1 |         1.00 |
|  clk_IBUF_BUFG               |                                          | ps2_receiver/db_data/Iv_i_1__0_n_0       |                1 |              1 |         1.00 |
|  clk_IBUF_BUFG               | ps2_receiver/db_clk/O_i_1_n_0            |                                          |                1 |              1 |         1.00 |
|  clk_IBUF_BUFG               | ps2_receiver/db_data/O_i_1__0_n_0        |                                          |                1 |              1 |         1.00 |
|  data_out_reg[7]_i_2_n_0     | uart2/receiver/data_out_0[2]             |                                          |                1 |              1 |         1.00 |
|  data_out_reg[7]_i_2_n_0     | uart2/receiver/data_out_0[1]             |                                          |                1 |              1 |         1.00 |
|  data_out_reg[7]_i_2_n_0     | uart2/receiver/data_out_0[5]             |                                          |                1 |              1 |         1.00 |
|  data_out_reg[7]_i_2_n_0     | uart2/receiver/data_out_0[7]             |                                          |                1 |              1 |         1.00 |
|  baud_BUFG                   | uart1/receiver/data_out[0]               |                                          |                1 |              3 |         3.00 |
|  baud_BUFG                   | uart1/receiver/data_out[6]               |                                          |                1 |              3 |         3.00 |
|  baud_BUFG                   | uart1/receiver/data_out[3]               |                                          |                2 |              3 |         1.50 |
|  baud_BUFG                   | uart1/receiver/data_out[1]               |                                          |                1 |              3 |         3.00 |
|  baud_BUFG                   | uart1/receiver/data_out[2]               |                                          |                1 |              3 |         3.00 |
|  baud_BUFG                   | uart1/receiver/data_out[4]               |                                          |                1 |              3 |         3.00 |
|  baud_BUFG                   | uart1/receiver/data_out[5]               |                                          |                1 |              3 |         3.00 |
| ~ps2_receiver/db_clk/O_reg_0 | ps2_receiver/cnt                         | ps2_receiver/cnt[3]_i_1_n_0              |                1 |              4 |         4.00 |
|  clk_IBUF_BUFG               | ps2_receiver/db_data/count[3]_i_1__0_n_0 | ps2_receiver/db_data/Iv_i_1__0_n_0       |                1 |              4 |         4.00 |
|  received1_BUFG              | at/mem[45][6]_i_1_n_0                    | reset_IBUF                               |                3 |              7 |         2.33 |
|  received1_BUFG              | at/mem[92][6]_i_1_n_0                    | reset_IBUF                               |                2 |              7 |         3.50 |
|  baud_BUFG                   |                                          |                                          |                2 |              7 |         3.50 |
|  received1_BUFG              | at/mem[93][6]_i_1_n_0                    | reset_IBUF                               |                3 |              7 |         2.33 |
|  received1_BUFG              | at/mem[59][6]_i_1_n_0                    | reset_IBUF                               |                5 |              7 |         1.40 |
|  received1_BUFG              | at/mem[87][6]_i_1_n_0                    | reset_IBUF                               |                1 |              7 |         7.00 |
|  data_out_reg[7]_i_2_n_0     |                                          |                                          |                3 |              7 |         2.33 |
|  received1_BUFG              | at/mem[48][6]_i_1_n_0                    | reset_IBUF                               |                4 |              7 |         1.75 |
|  received1_BUFG              | at/mem[51][6]_i_1_n_0                    | reset_IBUF                               |                4 |              7 |         1.75 |
|  received1_BUFG              | at/mem[57][6]_i_1_n_0                    | reset_IBUF                               |                3 |              7 |         2.33 |
|  received1_BUFG              | at/mem[4][6]_i_1_n_0                     | reset_IBUF                               |                2 |              7 |         3.50 |
|  received1_BUFG              | at/mem[95][6]_i_1_n_0                    | reset_IBUF                               |                4 |              7 |         1.75 |
|  received1_BUFG              | at/mem[97][6]_i_1_n_0                    | reset_IBUF                               |                2 |              7 |         3.50 |
|  received1_BUFG              | at/mem[9][6]_i_1_n_0                     | reset_IBUF                               |                6 |              7 |         1.17 |
|  received1_BUFG              | at/mem[105][6]_i_1_n_0                   | reset_IBUF                               |                3 |              7 |         2.33 |
|  received1_BUFG              | at/mem[99][6]_i_1_n_0                    | reset_IBUF                               |                3 |              7 |         2.33 |
|  received1_BUFG              | at/mem[94][6]_i_1_n_0                    | reset_IBUF                               |                6 |              7 |         1.17 |
|  received1_BUFG              | at/mem[96][6]_i_1_n_0                    | reset_IBUF                               |                4 |              7 |         1.75 |
|  received1_BUFG              | at/mem                                   | reset_IBUF                               |                4 |              7 |         1.75 |
|  received1_BUFG              | at/mem[0][6]_i_1_n_0                     | reset_IBUF                               |                1 |              7 |         7.00 |
|  received1_BUFG              | at/mem[100][6]_i_1_n_0                   | reset_IBUF                               |                1 |              7 |         7.00 |
|  received1_BUFG              | at/mem[106][6]_i_1_n_0                   | reset_IBUF                               |                4 |              7 |         1.75 |
|  received1_BUFG              | at/mem[113][6]_i_1_n_0                   | reset_IBUF                               |                1 |              7 |         7.00 |
|  received1_BUFG              | at/mem[102][6]_i_1_n_0                   | reset_IBUF                               |                2 |              7 |         3.50 |
|  received1_BUFG              | at/mem[112][6]_i_1_n_0                   | reset_IBUF                               |                1 |              7 |         7.00 |
|  received1_BUFG              | at/mem[114][6]_i_1_n_0                   | reset_IBUF                               |                2 |              7 |         3.50 |
|  received1_BUFG              | at/mem[118][6]_i_1_n_0                   | reset_IBUF                               |                1 |              7 |         7.00 |
|  received1_BUFG              | at/mem[119][6]_i_1_n_0                   | reset_IBUF                               |                1 |              7 |         7.00 |
|  received1_BUFG              | at/mem[11][6]_i_1_n_0                    | reset_IBUF                               |                1 |              7 |         7.00 |
|  received1_BUFG              | at/mem[122][6]_i_1_n_0                   | reset_IBUF                               |                2 |              7 |         3.50 |
|  received1_BUFG              | at/mem[123][6]_i_1_n_0                   | reset_IBUF                               |                6 |              7 |         1.17 |
|  received1_BUFG              | at/mem[121][6]_i_1_n_0                   | reset_IBUF                               |                2 |              7 |         3.50 |
|  received1_BUFG              | at/mem[115][6]_i_1_n_0                   | reset_IBUF                               |                1 |              7 |         7.00 |
|  received1_BUFG              | at/mem[124][6]_i_1_n_0                   | reset_IBUF                               |                2 |              7 |         3.50 |
|  received1_BUFG              | at/mem[125][6]_i_1_n_0                   | reset_IBUF                               |                3 |              7 |         2.33 |
|  received1_BUFG              | at/mem[126][6]_i_1_n_0                   | reset_IBUF                               |                2 |              7 |         3.50 |
|  received1_BUFG              | at/mem[127][6]_i_1_n_0                   | reset_IBUF                               |                5 |              7 |         1.40 |
|  received1_BUFG              | at/mem[111][6]_i_1_n_0                   | reset_IBUF                               |                2 |              7 |         3.50 |
|  received1_BUFG              | at/mem[109][6]_i_1_n_0                   | reset_IBUF                               |                2 |              7 |         3.50 |
|  received1_BUFG              | at/mem[108][6]_i_1_n_0                   | reset_IBUF                               |                1 |              7 |         7.00 |
|  received1_BUFG              | at/mem[101][6]_i_1_n_0                   | reset_IBUF                               |                1 |              7 |         7.00 |
|  received1_BUFG              | at/mem[10][6]_i_1_n_0                    | reset_IBUF                               |                1 |              7 |         7.00 |
|  received1_BUFG              | at/mem[104][6]_i_1_n_0                   | reset_IBUF                               |                1 |              7 |         7.00 |
|  received1_BUFG              | at/mem[117][6]_i_1_n_0                   | reset_IBUF                               |                2 |              7 |         3.50 |
|  received1_BUFG              | at/mem[103][6]_i_1_n_0                   | reset_IBUF                               |                1 |              7 |         7.00 |
|  received1_BUFG              | at/mem[116][6]_i_1_n_0                   | reset_IBUF                               |                1 |              7 |         7.00 |
|  received1_BUFG              | at/mem[120][6]_i_1_n_0                   | reset_IBUF                               |                3 |              7 |         2.33 |
|  received1_BUFG              | at/mem[110][6]_i_1_n_0                   | reset_IBUF                               |                3 |              7 |         2.33 |
|  received1_BUFG              | at/mem[107][6]_i_1_n_0                   | reset_IBUF                               |                2 |              7 |         3.50 |
|  received1_BUFG              | at/mem[98][6]_i_1_n_0                    | reset_IBUF                               |                5 |              7 |         1.40 |
|  received1_BUFG              | at/mem[132][6]_i_1_n_0                   | reset_IBUF                               |                2 |              7 |         3.50 |
|  received1_BUFG              | at/mem[140][6]_i_1_n_0                   | reset_IBUF                               |                3 |              7 |         2.33 |
|  received1_BUFG              | at/mem[163][6]_i_1_n_0                   | reset_IBUF                               |                4 |              7 |         1.75 |
|  received1_BUFG              | at/mem[131][6]_i_1_n_0                   | reset_IBUF                               |                2 |              7 |         3.50 |
|  received1_BUFG              | at/mem[164][6]_i_1_n_0                   | reset_IBUF                               |                2 |              7 |         3.50 |
|  received1_BUFG              | at/mem[128][6]_i_1_n_0                   | reset_IBUF                               |                2 |              7 |         3.50 |
|  received1_BUFG              | at/mem[135][6]_i_1_n_0                   | reset_IBUF                               |                5 |              7 |         1.40 |
|  received1_BUFG              | at/mem[139][6]_i_1_n_0                   | reset_IBUF                               |                3 |              7 |         2.33 |
|  received1_BUFG              | at/mem[159][6]_i_1_n_0                   | reset_IBUF                               |                3 |              7 |         2.33 |
|  received1_BUFG              | at/mem[165][6]_i_1_n_0                   | reset_IBUF                               |                2 |              7 |         3.50 |
|  received1_BUFG              | at/mem[166][6]_i_1_n_0                   | reset_IBUF                               |                2 |              7 |         3.50 |
|  received1_BUFG              | at/mem[137][6]_i_1_n_0                   | reset_IBUF                               |                5 |              7 |         1.40 |
|  received1_BUFG              | at/mem[13][6]_i_1_n_0                    | reset_IBUF                               |                1 |              7 |         7.00 |
|  received1_BUFG              | at/mem[167][6]_i_1_n_0                   | reset_IBUF                               |                2 |              7 |         3.50 |
|  received1_BUFG              | at/mem[156][6]_i_1_n_0                   | reset_IBUF                               |                3 |              7 |         2.33 |
|  received1_BUFG              | at/mem[150][6]_i_1_n_0                   | reset_IBUF                               |                1 |              7 |         7.00 |
|  received1_BUFG              | at/mem[153][6]_i_1_n_0                   | reset_IBUF                               |                2 |              7 |         3.50 |
|  received1_BUFG              | at/mem[145][6]_i_1_n_0                   | reset_IBUF                               |                3 |              7 |         2.33 |
|  received1_BUFG              | at/mem[171][6]_i_1_n_0                   | reset_IBUF                               |                2 |              7 |         3.50 |
|  received1_BUFG              | at/mem[172][6]_i_1_n_0                   | reset_IBUF                               |                1 |              7 |         7.00 |
|  received1_BUFG              | at/mem[169][6]_i_1_n_0                   | reset_IBUF                               |                5 |              7 |         1.40 |
|  received1_BUFG              | at/mem[155][6]_i_1_n_0                   | reset_IBUF                               |                4 |              7 |         1.75 |
|  received1_BUFG              | at/mem[133][6]_i_1_n_0                   | reset_IBUF                               |                2 |              7 |         3.50 |
|  received1_BUFG              | at/mem[141][6]_i_1_n_0                   | reset_IBUF                               |                7 |              7 |         1.00 |
|  received1_BUFG              | at/mem[12][6]_i_1_n_0                    | reset_IBUF                               |                1 |              7 |         7.00 |
|  received1_BUFG              | at/mem[173][6]_i_1_n_0                   | reset_IBUF                               |                3 |              7 |         2.33 |
|  received1_BUFG              | at/mem[142][6]_i_1_n_0                   | reset_IBUF                               |                2 |              7 |         3.50 |
|  received1_BUFG              | at/mem[174][6]_i_1_n_0                   | reset_IBUF                               |                2 |              7 |         3.50 |
|  received1_BUFG              | at/mem[175][6]_i_1_n_0                   | reset_IBUF                               |                6 |              7 |         1.17 |
|  received1_BUFG              | at/mem[136][6]_i_1_n_0                   | reset_IBUF                               |                2 |              7 |         3.50 |
|  received1_BUFG              | at/mem[152][6]_i_1_n_0                   | reset_IBUF                               |                1 |              7 |         7.00 |
|  received1_BUFG              | at/mem[168][6]_i_1_n_0                   | reset_IBUF                               |                4 |              7 |         1.75 |
|  received1_BUFG              | at/mem[176][6]_i_1_n_0                   | reset_IBUF                               |                2 |              7 |         3.50 |
|  received1_BUFG              | at/mem[149][6]_i_1_n_0                   | reset_IBUF                               |                2 |              7 |         3.50 |
|  received1_BUFG              | at/mem[16][6]_i_1_n_0                    | reset_IBUF                               |                2 |              7 |         3.50 |
|  received1_BUFG              | at/mem[170][6]_i_1_n_0                   | reset_IBUF                               |                5 |              7 |         1.40 |
|  received1_BUFG              | at/mem[177][6]_i_1_n_0                   | reset_IBUF                               |                1 |              7 |         7.00 |
|  received1_BUFG              | at/mem[148][6]_i_1_n_0                   | reset_IBUF                               |                5 |              7 |         1.40 |
|  received1_BUFG              | at/mem[138][6]_i_1_n_0                   | reset_IBUF                               |                2 |              7 |         3.50 |
|  received1_BUFG              | at/mem[157][6]_i_1_n_0                   | reset_IBUF                               |                3 |              7 |         2.33 |
|  received1_BUFG              | at/mem[146][6]_i_1_n_0                   | reset_IBUF                               |                4 |              7 |         1.75 |
|  received1_BUFG              | at/mem[143][6]_i_1_n_0                   | reset_IBUF                               |                4 |              7 |         1.75 |
|  received1_BUFG              | at/mem[130][6]_i_1_n_0                   | reset_IBUF                               |                2 |              7 |         3.50 |
|  received1_BUFG              | at/mem[14][6]_i_1_n_0                    | reset_IBUF                               |                2 |              7 |         3.50 |
|  received1_BUFG              | at/mem[158][6]_i_1_n_0                   | reset_IBUF                               |                7 |              7 |         1.00 |
|  received1_BUFG              | at/mem[15][6]_i_1_n_0                    | reset_IBUF                               |                1 |              7 |         7.00 |
|  received1_BUFG              | at/mem[151][6]_i_1_n_0                   | reset_IBUF                               |                4 |              7 |         1.75 |
|  received1_BUFG              | at/mem[160][6]_i_1_n_0                   | reset_IBUF                               |                2 |              7 |         3.50 |
|  received1_BUFG              | at/mem[129][6]_i_1_n_0                   | reset_IBUF                               |                2 |              7 |         3.50 |
|  received1_BUFG              | at/mem[147][6]_i_1_n_0                   | reset_IBUF                               |                2 |              7 |         3.50 |
|  received1_BUFG              | at/mem[144][6]_i_1_n_0                   | reset_IBUF                               |                4 |              7 |         1.75 |
|  received1_BUFG              | at/mem[154][6]_i_1_n_0                   | reset_IBUF                               |                1 |              7 |         7.00 |
|  received1_BUFG              | at/mem[134][6]_i_1_n_0                   | reset_IBUF                               |                1 |              7 |         7.00 |
|  received1_BUFG              | at/mem[161][6]_i_1_n_0                   | reset_IBUF                               |                2 |              7 |         3.50 |
|  received1_BUFG              | at/mem[162][6]_i_1_n_0                   | reset_IBUF                               |                2 |              7 |         3.50 |
|  received1_BUFG              | at/mem[184][6]_i_1_n_0                   | reset_IBUF                               |                1 |              7 |         7.00 |
|  received1_BUFG              | at/mem[219][6]_i_1_n_0                   | reset_IBUF                               |                1 |              7 |         7.00 |
|  received1_BUFG              | at/mem[195][6]_i_1_n_0                   | reset_IBUF                               |                1 |              7 |         7.00 |
|  received1_BUFG              | at/mem[192][6]_i_1_n_0                   | reset_IBUF                               |                1 |              7 |         7.00 |
|  received1_BUFG              | at/mem[194][6]_i_1_n_0                   | reset_IBUF                               |                3 |              7 |         2.33 |
|  received1_BUFG              | at/mem[187][6]_i_1_n_0                   | reset_IBUF                               |                4 |              7 |         1.75 |
|  received1_BUFG              | at/mem[191][6]_i_1_n_0                   | reset_IBUF                               |                6 |              7 |         1.17 |
|  received1_BUFG              | at/mem[198][6]_i_1_n_0                   | reset_IBUF                               |                1 |              7 |         7.00 |
|  received1_BUFG              | at/mem[178][6]_i_1_n_0                   | reset_IBUF                               |                1 |              7 |         7.00 |
|  received1_BUFG              | at/mem[17][6]_i_1_n_0                    | reset_IBUF                               |                4 |              7 |         1.75 |
|  received1_BUFG              | at/mem[193][6]_i_1_n_0                   | reset_IBUF                               |                1 |              7 |         7.00 |
|  received1_BUFG              | at/mem[206][6]_i_1_n_0                   | reset_IBUF                               |                4 |              7 |         1.75 |
|  received1_BUFG              | at/mem[189][6]_i_1_n_0                   | reset_IBUF                               |                4 |              7 |         1.75 |
|  received1_BUFG              | at/mem[214][6]_i_1_n_0                   | reset_IBUF                               |                2 |              7 |         3.50 |
|  received1_BUFG              | at/mem[216][6]_i_1_n_0                   | reset_IBUF                               |                5 |              7 |         1.40 |
|  received1_BUFG              | at/mem[218][6]_i_1_n_0                   | reset_IBUF                               |                3 |              7 |         2.33 |
|  received1_BUFG              | at/mem[21][6]_i_1_n_0                    | reset_IBUF                               |                1 |              7 |         7.00 |
|  received1_BUFG              | at/mem[201][6]_i_1_n_0                   | reset_IBUF                               |                1 |              7 |         7.00 |
|  received1_BUFG              | at/mem[199][6]_i_1_n_0                   | reset_IBUF                               |                2 |              7 |         3.50 |
|  received1_BUFG              | at/mem[221][6]_i_1_n_0                   | reset_IBUF                               |                6 |              7 |         1.17 |
|  received1_BUFG              | at/mem[203][6]_i_1_n_0                   | reset_IBUF                               |                1 |              7 |         7.00 |
|  received1_BUFG              | at/mem[223][6]_i_1_n_0                   | reset_IBUF                               |                5 |              7 |         1.40 |
|  received1_BUFG              | at/mem[185][6]_i_1_n_0                   | reset_IBUF                               |                2 |              7 |         3.50 |
|  received1_BUFG              | at/mem[224][6]_i_1_n_0                   | reset_IBUF                               |                3 |              7 |         2.33 |
|  received1_BUFG              | at/mem[200][6]_i_1_n_0                   | reset_IBUF                               |                3 |              7 |         2.33 |
|  received1_BUFG              | at/mem[182][6]_i_1_n_0                   | reset_IBUF                               |                4 |              7 |         1.75 |
|  received1_BUFG              | at/mem[205][6]_i_1_n_0                   | reset_IBUF                               |                2 |              7 |         3.50 |
|  received1_BUFG              | at/mem[18][6]_i_1_n_0                    | reset_IBUF                               |                1 |              7 |         7.00 |
|  received1_BUFG              | at/mem[208][6]_i_1_n_0                   | reset_IBUF                               |                1 |              7 |         7.00 |
|  received1_BUFG              | at/mem[210][6]_i_1_n_0                   | reset_IBUF                               |                1 |              7 |         7.00 |
|  received1_BUFG              | at/mem[188][6]_i_1_n_0                   | reset_IBUF                               |                2 |              7 |         3.50 |
|  received1_BUFG              | at/mem[212][6]_i_1_n_0                   | reset_IBUF                               |                2 |              7 |         3.50 |
|  received1_BUFG              | at/mem[220][6]_i_1_n_0                   | reset_IBUF                               |                1 |              7 |         7.00 |
|  received1_BUFG              | at/mem[202][6]_i_1_n_0                   | reset_IBUF                               |                3 |              7 |         2.33 |
|  received1_BUFG              | at/mem[213][6]_i_1_n_0                   | reset_IBUF                               |                4 |              7 |         1.75 |
|  received1_BUFG              | at/mem[222][6]_i_1_n_0                   | reset_IBUF                               |                4 |              7 |         1.75 |
|  received1_BUFG              | at/mem[215][6]_i_1_n_0                   | reset_IBUF                               |                1 |              7 |         7.00 |
|  received1_BUFG              | at/mem[181][6]_i_1_n_0                   | reset_IBUF                               |                1 |              7 |         7.00 |
|  received1_BUFG              | at/mem[197][6]_i_1_n_0                   | reset_IBUF                               |                1 |              7 |         7.00 |
|  received1_BUFG              | at/mem[20][6]_i_1_n_0                    | reset_IBUF                               |                1 |              7 |         7.00 |
|  received1_BUFG              | at/mem[19][6]_i_1_n_0                    | reset_IBUF                               |                2 |              7 |         3.50 |
|  received1_BUFG              | at/mem[196][6]_i_1_n_0                   | reset_IBUF                               |                1 |              7 |         7.00 |
|  received1_BUFG              | at/mem[1][6]_i_1_n_0                     | reset_IBUF                               |                2 |              7 |         3.50 |
|  received1_BUFG              | at/mem[183][6]_i_1_n_0                   | reset_IBUF                               |                4 |              7 |         1.75 |
|  received1_BUFG              | at/mem[204][6]_i_1_n_0                   | reset_IBUF                               |                2 |              7 |         3.50 |
|  received1_BUFG              | at/mem[209][6]_i_1_n_0                   | reset_IBUF                               |                1 |              7 |         7.00 |
|  received1_BUFG              | at/mem[211][6]_i_1_n_0                   | reset_IBUF                               |                2 |              7 |         3.50 |
|  received1_BUFG              | at/mem[179][6]_i_1_n_0                   | reset_IBUF                               |                1 |              7 |         7.00 |
|  received1_BUFG              | at/mem[207][6]_i_1_n_0                   | reset_IBUF                               |                3 |              7 |         2.33 |
|  received1_BUFG              | at/mem[190][6]_i_1_n_0                   | reset_IBUF                               |                1 |              7 |         7.00 |
|  received1_BUFG              | at/mem[217][6]_i_1_n_0                   | reset_IBUF                               |                2 |              7 |         3.50 |
|  received1_BUFG              | at/mem[186][6]_i_1_n_0                   | reset_IBUF                               |                4 |              7 |         1.75 |
|  received1_BUFG              | at/mem[180][6]_i_1_n_0                   | reset_IBUF                               |                2 |              7 |         3.50 |
|  received1_BUFG              | at/mem[235][6]_i_1_n_0                   | reset_IBUF                               |                4 |              7 |         1.75 |
|  received1_BUFG              | at/mem[227][6]_i_1_n_0                   | reset_IBUF                               |                2 |              7 |         3.50 |
|  received1_BUFG              | at/mem[236][6]_i_1_n_0                   | reset_IBUF                               |                3 |              7 |         2.33 |
|  received1_BUFG              | at/mem[245][6]_i_1_n_0                   | reset_IBUF                               |                1 |              7 |         7.00 |
|  received1_BUFG              | at/mem[249][6]_i_1_n_0                   | reset_IBUF                               |                2 |              7 |         3.50 |
|  received1_BUFG              | at/mem[24][6]_i_1_n_0                    | reset_IBUF                               |                2 |              7 |         3.50 |
|  received1_BUFG              | at/mem[25][6]_i_1_n_0                    | reset_IBUF                               |                2 |              7 |         3.50 |
|  received1_BUFG              | at/mem[28][6]_i_1_n_0                    | reset_IBUF                               |                3 |              7 |         2.33 |
|  received1_BUFG              | at/mem[29][6]_i_1_n_0                    | reset_IBUF                               |                4 |              7 |         1.75 |
|  received1_BUFG              | at/mem[2][6]_i_1_n_0                     | reset_IBUF                               |                1 |              7 |         7.00 |
|  received1_BUFG              | at/mem[239][6]_i_1_n_0                   | reset_IBUF                               |                5 |              7 |         1.40 |
|  received1_BUFG              | at/mem[229][6]_i_1_n_0                   | reset_IBUF                               |                3 |              7 |         2.33 |
|  received1_BUFG              | at/mem[231][6]_i_1_n_0                   | reset_IBUF                               |                1 |              7 |         7.00 |
|  received1_BUFG              | at/mem[233][6]_i_1_n_0                   | reset_IBUF                               |                1 |              7 |         7.00 |
|  received1_BUFG              | at/mem[226][6]_i_1_n_0                   | reset_IBUF                               |                1 |              7 |         7.00 |
|  received1_BUFG              | at/mem[244][6]_i_1_n_0                   | reset_IBUF                               |                2 |              7 |         3.50 |
|  received1_BUFG              | at/mem[232][6]_i_1_n_0                   | reset_IBUF                               |                4 |              7 |         1.75 |
|  received1_BUFG              | at/mem[234][6]_i_1_n_0                   | reset_IBUF                               |                3 |              7 |         2.33 |
|  received1_BUFG              | at/mem[247][6]_i_1_n_0                   | reset_IBUF                               |                1 |              7 |         7.00 |
|  received1_BUFG              | at/mem[248][6]_i_1_n_0                   | reset_IBUF                               |                1 |              7 |         7.00 |
|  received1_BUFG              | at/mem[243][6]_i_1_n_0                   | reset_IBUF                               |                1 |              7 |         7.00 |
|  received1_BUFG              | at/mem[250][6]_i_1_n_0                   | reset_IBUF                               |                1 |              7 |         7.00 |
|  received1_BUFG              | at/mem[23][6]_i_1_n_0                    | reset_IBUF                               |                1 |              7 |         7.00 |
|  received1_BUFG              | at/mem[252][6]_i_1_n_0                   | reset_IBUF                               |                3 |              7 |         2.33 |
|  received1_BUFG              | at/mem[225][6]_i_1_n_0                   | reset_IBUF                               |                1 |              7 |         7.00 |
|  received1_BUFG              | at/mem[30][6]_i_1_n_0                    | reset_IBUF                               |                3 |              7 |         2.33 |
|  received1_BUFG              | at/mem[230][6]_i_1_n_0                   | reset_IBUF                               |                1 |              7 |         7.00 |
|  received1_BUFG              | at/mem[254][6]_i_1_n_0                   | reset_IBUF                               |                3 |              7 |         2.33 |
|  received1_BUFG              | at/mem[31][6]_i_1_n_0                    | reset_IBUF                               |                6 |              7 |         1.17 |
|  received1_BUFG              | at/mem[246][6]_i_1_n_0                   | reset_IBUF                               |                5 |              7 |         1.40 |
|  received1_BUFG              | at/mem[34][6]_i_1_n_0                    | reset_IBUF                               |                3 |              7 |         2.33 |
|  received1_BUFG              | at/mem[241][6]_i_1_n_0                   | reset_IBUF                               |                1 |              7 |         7.00 |
|  received1_BUFG              | at/mem[33][6]_i_1_n_0                    | reset_IBUF                               |                2 |              7 |         3.50 |
|  received1_BUFG              | at/mem[37][6]_i_1_n_0                    | reset_IBUF                               |                5 |              7 |         1.40 |
|  received1_BUFG              | at/mem[237][6]_i_1_n_0                   | reset_IBUF                               |                1 |              7 |         7.00 |
|  received1_BUFG              | at/mem[228][6]_i_1_n_0                   | reset_IBUF                               |                1 |              7 |         7.00 |
|  received1_BUFG              | at/mem[238][6]_i_1_n_0                   | reset_IBUF                               |                2 |              7 |         3.50 |
|  received1_BUFG              | at/mem[251][6]_i_1_n_0                   | reset_IBUF                               |                2 |              7 |         3.50 |
|  received1_BUFG              | at/mem[26][6]_i_1_n_0                    | reset_IBUF                               |                1 |              7 |         7.00 |
|  received1_BUFG              | at/mem[240][6]_i_1_n_0                   | reset_IBUF                               |                2 |              7 |         3.50 |
|  received1_BUFG              | at/mem[242][6]_i_1_n_0                   | reset_IBUF                               |                2 |              7 |         3.50 |
|  received1_BUFG              | at/mem[32][6]_i_1_n_0                    | reset_IBUF                               |                5 |              7 |         1.40 |
|  received1_BUFG              | at/mem[38][6]_i_1_n_0                    | reset_IBUF                               |                3 |              7 |         2.33 |
|  received1_BUFG              | at/mem[253][6]_i_1_n_0                   | reset_IBUF                               |                4 |              7 |         1.75 |
|  received1_BUFG              | at/mem[39][6]_i_1_n_0                    | reset_IBUF                               |                3 |              7 |         2.33 |
|  received1_BUFG              | at/mem[22][6]_i_1_n_0                    | reset_IBUF                               |                2 |              7 |         3.50 |
|  received1_BUFG              | at/mem[3][6]_i_1_n_0                     | reset_IBUF                               |                1 |              7 |         7.00 |
|  received1_BUFG              | at/mem[36][6]_i_1_n_0                    | reset_IBUF                               |                5 |              7 |         1.40 |
|  received1_BUFG              | at/mem[40][6]_i_1_n_0                    | reset_IBUF                               |                3 |              7 |         2.33 |
|  received1_BUFG              | at/mem[35][6]_i_1_n_0                    | reset_IBUF                               |                4 |              7 |         1.75 |
|  received1_BUFG              | at/mem[41][6]_i_1_n_0                    | reset_IBUF                               |                3 |              7 |         2.33 |
|  received1_BUFG              | at/mem[42][6]_i_1_n_0                    | reset_IBUF                               |                3 |              7 |         2.33 |
|  received1_BUFG              | at/mem[27][6]_i_1_n_0                    | reset_IBUF                               |                1 |              7 |         7.00 |
|  received1_BUFG              | at/mem[58][6]_i_1_n_0                    | reset_IBUF                               |                5 |              7 |         1.40 |
|  received1_BUFG              | at/mem[52][6]_i_1_n_0                    | reset_IBUF                               |                3 |              7 |         2.33 |
|  received1_BUFG              | at/mem[73][6]_i_1_n_0                    | reset_IBUF                               |                1 |              7 |         7.00 |
|  received1_BUFG              | at/mem[75][6]_i_1_n_0                    | reset_IBUF                               |                1 |              7 |         7.00 |
|  received1_BUFG              | at/mem[82][6]_i_1_n_0                    | reset_IBUF                               |                1 |              7 |         7.00 |
|  received1_BUFG              | at/mem[76][6]_i_1_n_0                    | reset_IBUF                               |                3 |              7 |         2.33 |
|  received1_BUFG              | at/mem[68][6]_i_1_n_0                    | reset_IBUF                               |                3 |              7 |         2.33 |
|  received1_BUFG              | at/mem[86][6]_i_1_n_0                    | reset_IBUF                               |                1 |              7 |         7.00 |
|  received1_BUFG              | at/mem[47][6]_i_1_n_0                    | reset_IBUF                               |                6 |              7 |         1.17 |
|  received1_BUFG              | at/mem[44][6]_i_1_n_0                    | reset_IBUF                               |                3 |              7 |         2.33 |
|  received1_BUFG              | at/mem[85][6]_i_1_n_0                    | reset_IBUF                               |                1 |              7 |         7.00 |
|  received1_BUFG              | at/mem[66][6]_i_1_n_0                    | reset_IBUF                               |                1 |              7 |         7.00 |
|  received1_BUFG              | at/mem[78][6]_i_1_n_0                    | reset_IBUF                               |                4 |              7 |         1.75 |
|  received1_BUFG              | at/mem[7][6]_i_1_n_0                     | reset_IBUF                               |                2 |              7 |         3.50 |
|  received1_BUFG              | at/mem[80][6]_i_1_n_0                    | reset_IBUF                               |                1 |              7 |         7.00 |
|  received1_BUFG              | at/mem[83][6]_i_1_n_0                    | reset_IBUF                               |                4 |              7 |         1.75 |
|  received1_BUFG              | at/mem[69][6]_i_1_n_0                    | reset_IBUF                               |                1 |              7 |         7.00 |
|  received1_BUFG              | at/mem[6][6]_i_1_n_0                     | reset_IBUF                               |                1 |              7 |         7.00 |
|  received1_BUFG              | at/mem[46][6]_i_1_n_0                    | reset_IBUF                               |                5 |              7 |         1.40 |
|  received1_BUFG              | at/mem[53][6]_i_1_n_0                    | reset_IBUF                               |                4 |              7 |         1.75 |
|  received1_BUFG              | at/mem[56][6]_i_1_n_0                    | reset_IBUF                               |                4 |              7 |         1.75 |
|  received1_BUFG              | at/mem[64][6]_i_1_n_0                    | reset_IBUF                               |                2 |              7 |         3.50 |
|  received1_BUFG              | at/mem[61][6]_i_1_n_0                    | reset_IBUF                               |                4 |              7 |         1.75 |
|  received1_BUFG              | at/mem[65][6]_i_1_n_0                    | reset_IBUF                               |                2 |              7 |         3.50 |
|  received1_BUFG              | at/mem[67][6]_i_1_n_0                    | reset_IBUF                               |                1 |              7 |         7.00 |
|  received1_BUFG              | at/mem[70][6]_i_1_n_0                    | reset_IBUF                               |                1 |              7 |         7.00 |
|  received1_BUFG              | at/mem[74][6]_i_1_n_0                    | reset_IBUF                               |                3 |              7 |         2.33 |
|  received1_BUFG              | at/mem[54][6]_i_1_n_0                    | reset_IBUF                               |                4 |              7 |         1.75 |
|  received1_BUFG              | at/mem[49][6]_i_1_n_0                    | reset_IBUF                               |                3 |              7 |         2.33 |
|  received1_BUFG              | at/mem[60][6]_i_1_n_0                    | reset_IBUF                               |                3 |              7 |         2.33 |
|  received1_BUFG              | at/mem[55][6]_i_1_n_0                    | reset_IBUF                               |                4 |              7 |         1.75 |
|  received1_BUFG              | at/mem[50][6]_i_1_n_0                    | reset_IBUF                               |                5 |              7 |         1.40 |
|  received1_BUFG              | at/mem[77][6]_i_1_n_0                    | reset_IBUF                               |                5 |              7 |         1.40 |
|  received1_BUFG              | at/mem[88][6]_i_1_n_0                    | reset_IBUF                               |                6 |              7 |         1.17 |
|  received1_BUFG              | at/mem[89][6]_i_1_n_0                    | reset_IBUF                               |                2 |              7 |         3.50 |
|  received1_BUFG              | at/mem[62][6]_i_1_n_0                    | reset_IBUF                               |                5 |              7 |         1.40 |
|  received1_BUFG              | at/mem[71][6]_i_1_n_0                    | reset_IBUF                               |                2 |              7 |         3.50 |
|  received1_BUFG              | at/mem[8][6]_i_1_n_0                     | reset_IBUF                               |                5 |              7 |         1.40 |
|  received1_BUFG              | at/mem[81][6]_i_1_n_0                    | reset_IBUF                               |                1 |              7 |         7.00 |
|  received1_BUFG              | at/mem[91][6]_i_1_n_0                    | reset_IBUF                               |                3 |              7 |         2.33 |
|  received1_BUFG              | at/mem[43][6]_i_1_n_0                    | reset_IBUF                               |                7 |              7 |         1.00 |
|  received1_BUFG              | at/mem[79][6]_i_1_n_0                    | reset_IBUF                               |                4 |              7 |         1.75 |
|  received1_BUFG              | at/mem[84][6]_i_1_n_0                    | reset_IBUF                               |                1 |              7 |         7.00 |
|  received1_BUFG              | at/mem[5][6]_i_1_n_0                     | reset_IBUF                               |                3 |              7 |         2.33 |
|  received1_BUFG              | at/mem[63][6]_i_1_n_0                    | reset_IBUF                               |                4 |              7 |         1.75 |
|  received1_BUFG              | at/mem[72][6]_i_1_n_0                    | reset_IBUF                               |                1 |              7 |         7.00 |
|  received1_BUFG              | at/mem[90][6]_i_1_n_0                    | reset_IBUF                               |                3 |              7 |         2.33 |
|  baud_BUFG                   |                                          | uart1/receiver/count[7]_i_1_n_0          |                2 |              8 |         4.00 |
|  baud_BUFG                   |                                          | uart1/transmitter/count[7]_i_1__0_n_0    |                2 |              8 |         4.00 |
|  baud_BUFG                   | uart1/transmitter/temp[7]_i_1_n_0        |                                          |                2 |              8 |         4.00 |
|  data_out_reg[7]_i_2_n_0     |                                          | uart2/transmitter/count[7]_i_1__2_n_0    |                2 |              8 |         4.00 |
|  data_out_reg[7]_i_2_n_0     |                                          | uart2/receiver/count[7]_i_1__1_n_0       |                5 |              8 |         1.60 |
|  data_out_reg[7]_i_2_n_0     | uart2/transmitter/temp[7]_i_1__0_n_0     |                                          |                4 |              8 |         2.00 |
|  clk_IBUF_BUFG               |                                          |                                          |                5 |              8 |         1.60 |
|  clk_IBUF_BUFG               | ps2_receiver/keycode[7]_i_1_n_0          |                                          |                2 |              8 |         4.00 |
| ~ps2_receiver/db_clk/O_reg_0 |                                          |                                          |                3 |              9 |         3.00 |
|  vga/w_p_tick                |                                          | reset_IBUF                               |                3 |             10 |         3.33 |
|  vga/w_p_tick                | vga/v_count_next_1                       | reset_IBUF                               |                3 |             10 |         3.33 |
|  clk_IBUF_BUFG               | vga/w_p_tick                             | vga/r_25MHz_reg[0]_0                     |                6 |             12 |         2.00 |
|  received1_BUFG              |                                          | reset_IBUF                               |                7 |             16 |         2.29 |
|  clk_IBUF_BUFG               |                                          | uart1/baudrate_gen/counter[0]_i_1_n_0    |                8 |             32 |         4.00 |
|  clk_IBUF_BUFG               |                                          | uart2/baudrate_gen/counter[0]_i_1__0_n_0 |                8 |             32 |         4.00 |
|  clk_IBUF_BUFG               |                                          | reset_IBUF                               |               16 |             40 |         2.50 |
+------------------------------+------------------------------------------+------------------------------------------+------------------+----------------+--------------+


